Name: Yates Monteith and Anthony McDougal
Email JYMONTE@Clemson.edu, MCOUDGL@Clemson.edu
Timestamp Fri Apr 29 02:10:49 2011

				(matrixaddition, PROGRAMBEGIN, , )
				(a, MEMORY, 5, 5)
				(b, MEMORY, 5, 5)
				(c, MEMORY, 5, 5)
				(i, MEMORY, 1, -)
				(j, MEMORY, 1, -)
				(MAIN, LABEL, -, -)
				(i, SUBSTORE, 0, -)
				(j, SUBSTORE, 0, -)
				(L$0, LABEL, -, -)
				(B$0, ILESS, i, 5)
				(L$1, CJUMPF, B$0, -)
				(L$2, LABEL, -, -)
				(B$1, ILESS, j, 5)
				(L$3, CJUMPF, B$1, -)
				(I$0, IMULT, i, 5)
				(I$1, IADD, I$0, j)
				(a, SUBSTORE, i, I$1)
				(I$2, IMULT, i, 5)
				(I$3, IADD, I$2, j)
				(b, SUBSTORE, j, I$3)
				(I$4, IADD, j, 1)
				(j, SUBSTORE, I$4, -)
				(L$2, JUMP, -, -)
				(L$3, LABEL, -, -)
				(I$5, IADD, i, 1)
				(i, SUBSTORE, I$5, -)
				(j, SUBSTORE, 0, -)
				(L$0, JUMP, -, -)
				(L$1, LABEL, -, -)
				(i, SUBSTORE, 0, -)
				(j, SUBSTORE, 0, -)
				(L$4, LABEL, -, -)
				(B$2, ILESS, i, 5)
				(L$5, CJUMPF, B$2, -)
				(L$6, LABEL, -, -)
				(B$3, ILESS, j, 5)
				(L$7, CJUMPF, B$3, -)
				(I$6, IMULT, i, 5)
				(I$7, IADD, I$6, j)
				(I$8, ISUBLOAD, a, I$7)
				(I$9, IMULT, i, 5)
				(I$10, IADD, I$9, j)
				(I$11, ISUBLOAD, b, I$10)
				(I$12, IADD, I$8, I$11)
				(I$13, IMULT, i, 5)
				(I$14, IADD, I$13, j)
				(c, SUBSTORE, I$12, I$14)
				(I$15, IADD, j, 1)
				(j, SUBSTORE, I$15, -)
				(L$6, JUMP, -, -)
				(L$7, LABEL, -, -)
				(j, SUBSTORE, 0, -)
				(I$16, IADD, i, 1)
				(i, SUBSTORE, I$16, -)
				(L$4, JUMP, -, -)
				(L$5, LABEL, -, -)
				(i, SUBSTORE, 0, -)
				(j, SUBSTORE, 0, -)
				(L$8, LABEL, -, -)
				(B$4, ILESS, i, 5)
				(L$9, CJUMPF, B$4, -)
				(-, CALL, PRINTF, -)
				(-, BEGINOUTPUTPARAMETER,  "Row %d   ", -)
				(-, OUTPUTPARAMETER, i, 1)
				(-, ENDOUTPUTPARAMETER, -, -)
				(L$10, LABEL, -, -)
				(B$5, ILESS, j, 4)
				(L$11, CJUMPF, B$5, -)
				(-, CALL, PRINTF, -)
				(-, BEGINOUTPUTPARAMETER,  " %d ", -)
				(I$17, IMULT, i, 5)
				(I$18, IADD, I$17, j)
				(I$19, ISUBLOAD, c, I$18)
				(-, OUTPUTPARAMETER, I$19, -)
				(-, ENDOUTPUTPARAMETER, -, -)
				(I$20, IADD, j, 1)
				(j, SUBSTORE, I$20, -)
				(L$10, JUMP, -, -)
				(L$11, LABEL, -, -)
				(-, CALL, PRINTF, -)
				(-, BEGINOUTPUTPARAMETER,  " %d \n", -)
				(I$21, IMULT, i, 5)
				(I$22, IADD, I$21, j)
				(I$23, ISUBLOAD, c, I$22)
				(-, OUTPUTPARAMETER, I$23, -)
				(-, ENDOUTPUTPARAMETER, -, -)
				(j, SUBSTORE, 0, -)
				(I$24, IADD, i, 1)
				(i, SUBSTORE, I$24, -)
				(L$8, JUMP, -, -)
				(L$9, LABEL, -, -)
				(-, ENDOFCALCULATIONS, -, -)
				(matrixaddition, PROGRAMEND, -, -)
Succesful parse
Go have a beer!
